<?xml version="1.0" encoding="UTF-8"?>
<testng-results ignored="0" total="4" passed="4" failed="0" skipped="0">
  <reporter-output>
  </reporter-output>
  <suite started-at="2024-01-17T20:53:50 PST" name="Test Suite" finished-at="2024-01-17T20:54:26 PST" duration-ms="36645">
    <groups>
    </groups>
    <test started-at="2024-01-17T20:53:50 PST" name="Test on Chrome" finished-at="2024-01-17T20:54:12 PST" duration-ms="22520">
      <class name="MyTests.WikiPage">
        <test-method is-config="true" signature="setup(java.lang.String)[pri:0, instance:MyTests.WikiPage@67f639d3]" started-at="2024-01-17T20:53:50 PST" name="setup" finished-at="2024-01-17T20:54:01 PST" duration-ms="11151" status="PASS">
          <params>
            <param index="0">
              <value>
                <![CDATA[chrome]]>
              </value>
            </param>
          </params>
          <reporter-output>
          </reporter-output>
        </test-method> <!-- setup -->
        <test-method signature="wikiLogoTest()[pri:0, instance:MyTests.WikiPage@67f639d3]" started-at="2024-01-17T20:54:01 PST" name="wikiLogoTest" finished-at="2024-01-17T20:54:02 PST" duration-ms="1513" status="PASS">
          <reporter-output>
          </reporter-output>
        </test-method> <!-- wikiLogoTest -->
        <test-method is-config="true" signature="tearDown()[pri:0, instance:MyTests.WikiPage@67f639d3]" started-at="2024-01-17T20:54:02 PST" name="tearDown" finished-at="2024-01-17T20:54:03 PST" duration-ms="99" status="PASS">
          <reporter-output>
          </reporter-output>
        </test-method> <!-- tearDown -->
        <test-method is-config="true" signature="setup(java.lang.String)[pri:0, instance:MyTests.WikiPage@67f639d3]" started-at="2024-01-17T20:54:03 PST" name="setup" finished-at="2024-01-17T20:54:11 PST" duration-ms="8207" status="PASS">
          <params>
            <param index="0">
              <value>
                <![CDATA[chrome]]>
              </value>
            </param>
          </params>
          <reporter-output>
          </reporter-output>
        </test-method> <!-- setup -->
        <test-method signature="wikiTestPageTitle()[pri:0, instance:MyTests.WikiPage@67f639d3]" started-at="2024-01-17T20:54:11 PST" name="wikiTestPageTitle" finished-at="2024-01-17T20:54:12 PST" duration-ms="1407" status="PASS">
          <reporter-output>
          </reporter-output>
        </test-method> <!-- wikiTestPageTitle -->
        <test-method is-config="true" signature="tearDown()[pri:0, instance:MyTests.WikiPage@67f639d3]" started-at="2024-01-17T20:54:12 PST" name="tearDown" finished-at="2024-01-17T20:54:12 PST" duration-ms="87" status="PASS">
          <reporter-output>
          </reporter-output>
        </test-method> <!-- tearDown -->
      </class> <!-- MyTests.WikiPage -->
    </test> <!-- Test on Chrome -->
    <test started-at="2024-01-17T20:54:12 PST" name="Test on Firefox" finished-at="2024-01-17T20:54:26 PST" duration-ms="14093">
      <class name="MyTests.SearchTest">
        <test-method is-config="true" signature="setup(java.lang.String)[pri:0, instance:MyTests.SearchTest@740cae06]" started-at="2024-01-17T20:54:12 PST" name="setup" finished-at="2024-01-17T20:54:17 PST" duration-ms="4826" status="PASS">
          <params>
            <param index="0">
              <value>
                <![CDATA[firefox]]>
              </value>
            </param>
          </params>
          <reporter-output>
          </reporter-output>
        </test-method> <!-- setup -->
        <test-method signature="searchTestPAgetitle()[pri:0, instance:MyTests.SearchTest@740cae06]" started-at="2024-01-17T20:54:17 PST" name="searchTestPAgetitle" finished-at="2024-01-17T20:54:19 PST" duration-ms="2194" status="PASS">
          <reporter-output>
          </reporter-output>
        </test-method> <!-- searchTestPAgetitle -->
        <test-method is-config="true" signature="tearDown()[pri:0, instance:MyTests.SearchTest@740cae06]" started-at="2024-01-17T20:54:19 PST" name="tearDown" finished-at="2024-01-17T20:54:20 PST" duration-ms="606" status="PASS">
          <reporter-output>
          </reporter-output>
        </test-method> <!-- tearDown -->
        <test-method is-config="true" signature="setup(java.lang.String)[pri:0, instance:MyTests.SearchTest@740cae06]" started-at="2024-01-17T20:54:20 PST" name="setup" finished-at="2024-01-17T20:54:24 PST" duration-ms="3622" status="PASS">
          <params>
            <param index="0">
              <value>
                <![CDATA[firefox]]>
              </value>
            </param>
          </params>
          <reporter-output>
          </reporter-output>
        </test-method> <!-- setup -->
        <test-method signature="searchTestRedirection()[pri:0, instance:MyTests.SearchTest@740cae06]" started-at="2024-01-17T20:54:24 PST" name="searchTestRedirection" finished-at="2024-01-17T20:54:26 PST" duration-ms="2248" status="PASS">
          <reporter-output>
          </reporter-output>
        </test-method> <!-- searchTestRedirection -->
        <test-method is-config="true" signature="tearDown()[pri:0, instance:MyTests.SearchTest@740cae06]" started-at="2024-01-17T20:54:26 PST" name="tearDown" finished-at="2024-01-17T20:54:26 PST" duration-ms="581" status="PASS">
          <reporter-output>
          </reporter-output>
        </test-method> <!-- tearDown -->
      </class> <!-- MyTests.SearchTest -->
    </test> <!-- Test on Firefox -->
  </suite> <!-- Test Suite -->
</testng-results>
